<?xml version="1.0" encoding="UTF-8"?>
<!-- Generated by org.testng.reporters.JUnitXMLReporter -->
<testsuite ignored="0" hostname="HIBAML100350" failures="0" tests="3" name="Test_Result" time="5.948" errors="0" timestamp="2020-06-10T14:19:01 IST">
  <testcase classname="com.qa.test.FHAPI" name="postUser" time="3.437"/>
  <testcase classname="com.qa.test.GetUsers" name="getAllUsers" time="0.641"/>
  <testcase classname="com.qa.test.GetUser" name="getUser" time="0.558"/>
</testsuite> <!-- Test_Result -->
