<?xml version="1.0" encoding="UTF-8"?>
<!-- Generated by org.testng.reporters.JUnitReportReporter -->
<testsuite hostname="HIBAML100350" failures="0" tests="1" name="com.fh.test.GetUsers" time="6.075" errors="0" timestamp="2020-07-03T17:34:59 IST" skipped="0">
  <testcase classname="com.fh.test.GetUsers" name="getAllUsers" time="6.075"/>
  <system-out/>
</testsuite> <!-- com.fh.test.GetUsers -->
