<?xml version="1.0" encoding="UTF-8"?>
<!-- Generated by org.testng.reporters.JUnitReportReporter -->
<testsuite hostname="HIBAML100350" failures="0" tests="1" name="com.fh.test.FHPOC" time="5.968" errors="0" timestamp="2020-06-10T14:43:26 IST" skipped="0">
  <testcase classname="com.fh.test.FHPOC" name="postUser" time="5.968"/>
  <system-out/>
</testsuite> <!-- com.fh.test.FHPOC -->
