<?xml version="1.0" encoding="UTF-8"?>
<!-- Generated by org.testng.reporters.JUnitReportReporter -->
<testsuite hostname="HIBAML100350" failures="0" tests="1" name="com.fh.test.createUsers" time="0.779" errors="0" timestamp="2020-07-03T17:34:59 IST" skipped="0">
  <testcase classname="com.fh.test.createUsers" name="postUser" time="0.779"/>
  <system-out/>
</testsuite> <!-- com.fh.test.createUsers -->
