<?xml version="1.0" encoding="UTF-8"?>
<!-- Generated by org.testng.reporters.JUnitReportReporter -->
<testsuite hostname="HIBAML100350" failures="0" tests="1" name="com.qa.test.GetUser" time="0.558" errors="0" timestamp="2020-06-10T14:19:02 IST" skipped="0">
  <testcase classname="com.qa.test.GetUser" name="getUser" time="0.558"/>
  <system-out/>
</testsuite> <!-- com.qa.test.GetUser -->
