<?xml version="1.0" encoding="UTF-8"?>
<!-- Generated by org.testng.reporters.JUnitReportReporter -->
<testsuite hostname="HIBAML100350" failures="0" tests="3" name="com.fh.test.POCTestCases" time="5.868" errors="0" timestamp="2020-06-23T14:05:46 IST" skipped="0">
  <testcase classname="com.fh.test.POCTestCases" name="TC001" time="3.523"/>
  <system-out/>
  <testcase classname="com.fh.test.POCTestCases" name="TC002" time="0.774"/>
  <system-out/>
  <testcase classname="com.fh.test.POCTestCases" name="TC003" time="1.571"/>
  <system-out/>
</testsuite> <!-- com.fh.test.POCTestCases -->
